\BOOKMARK [0][-]{section*.1}{Contents}{}% 1
\BOOKMARK [0][-]{chapter.6}{Detector commissioning}{}% 54
\BOOKMARK [1][-]{section.6.1}{Reflectometry analysis}{chapter.6}% 55
\BOOKMARK [2][-]{subsection.6.1.1}{Goal of the reflectometry analysis}{section.6.1}% 56
\BOOKMARK [2][-]{subsection.6.1.2}{Pulse timing: controlling cable lengths}{section.6.1}% 57
\BOOKMARK [2][-]{subsection.6.1.3}{Signal attenuation}{section.6.1}% 58
\BOOKMARK [2][-]{subsection.6.1.4}{Pulse shape analysis}{section.6.1}% 59
\BOOKMARK [2][-]{subsection.6.1.5}{Comparison with 60Co}{section.6.1}% 60
\BOOKMARK [1][-]{section.6.2}{Calibrating the electronic boards}{chapter.6}% 61
\BOOKMARK [2][-]{subsection.6.2.1}{Principle}{section.6.2}% 62
\BOOKMARK [2][-]{subsection.6.2.2}{Measuring the time offset of front end boards}{section.6.2}% 63
\BOOKMARK [2][-]{subsection.6.2.3}{Results}{section.6.2}% 64
\BOOKMARK [0][-]{chapter.7}{Characterisation of the calorimeter time resolution}{}% 65
\BOOKMARK [1][-]{section.7.1}{Time calibration with a Cobalt source}{chapter.7}% 66
\BOOKMARK [2][-]{subsection.7.1.1}{Time response of optical modules}{section.7.1}% 67
\BOOKMARK [2][-]{subsection.7.1.2}{Energy calibration of optical modules}{section.7.1}% 68
\BOOKMARK [2][-]{subsection.7.1.3}{Experimental setup}{section.7.1}% 69
\BOOKMARK [2][-]{subsection.7.1.4}{Background estimation}{section.7.1}% 70
\BOOKMARK [2][-]{subsection.7.1.5}{Detector efficiency}{section.7.1}% 71
\BOOKMARK [3][-]{subsubsection.7.1.5.1}{Cuts on data events}{subsection.7.1.5}% 72
\BOOKMARK [2][-]{subsection.7.1.6}{Determination of the individual timing resolution of each optical module}{section.7.1}% 73
\BOOKMARK [1][-]{section.7.2}{The Light Injection System}{chapter.7}% 74
\BOOKMARK [2][-]{subsection.7.2.1}{Light injection system commissioning}{section.7.2}% 75
\BOOKMARK [2][-]{subsection.7.2.2}{Time resolution of optical modules}{section.7.2}% 76
\BOOKMARK [0][-]{section*.25}{Bibliography}{}% 78
